[14:59:38] [Server thread/INFO]: Starting minecraft server version 1.8.8
[14:59:38] [Server thread/WARN]: To start the server with more ram, launch it as "java -Xmx1024M -Xms1024M -jar minecraft_server.jar"
[14:59:38] [Server thread/INFO]: Loading properties
[14:59:38] [Server thread/INFO]: Default game type: CREATIVE
[14:59:39] [Server thread/INFO]: This server is running CraftBukkit version git-PaperSpigot-445 (MC: 1.8.8) (Implementing API version 1.8.8-R0.1-SNAPSHOT)
[14:59:39] [Server thread/INFO]: Spigot Timings: true - Verbose: true - Interval: 5m - Length: 60m
[14:59:39] [Server thread/INFO]: Server Ping Player Sample Count: 12
[14:59:39] [Server thread/INFO]: Using 4 threads for Netty based IO
[14:59:39] [Server thread/INFO]: Debug logging is disabled
[14:59:40] [Server thread/INFO]: Data value allowed items: 
[14:59:40] [Server thread/INFO]: Generating keypair
[14:59:41] [Server thread/INFO]: Starting Minecraft server on localhost:25565
[14:59:41] [Server thread/INFO]: Using default channel type
[14:59:41] [Server thread/INFO]: Set PluginClassLoader as parallel capable
[14:59:41] [Server thread/INFO]: [WorldEdit] Loading WorldEdit v5.5.7
[14:59:42] [Server thread/INFO]: [AutoSave] Loading AutoSave v1.0
[14:59:42] [Server thread/INFO]: [AntiSwear] Loading AntiSwear v3.5
[14:59:42] [Server thread/INFO]: [WorldGuard] Loading WorldGuard v5.7.5
[14:59:42] [Server thread/WARN]: **** SERVER IS RUNNING IN OFFLINE/INSECURE MODE!
[14:59:42] [Server thread/WARN]: The server will make no attempt to authenticate usernames. Beware.
[14:59:42] [Server thread/WARN]: Whilst this makes it possible to use BungeeCord, unless access to your server is properly restricted, it also opens up the ability for hackers to connect with any username they choose.
[14:59:42] [Server thread/WARN]: Please see http://www.spigotmc.org/wiki/firewall-guide/ for further information.
[14:59:42] [Server thread/WARN]: To change this, set "online-mode" to "true" in the server.properties file.
[14:59:42] [Server thread/INFO]: **** Beginning UUID conversion, this may take A LONG time ****
[14:59:42] [Server thread/INFO]: Preparing level "world"
[14:59:42] [Server thread/INFO]: -------- World Settings For [world] --------
[14:59:42] [Server thread/INFO]: Anti X-Ray: true
[14:59:42] [Server thread/INFO]: 	Engine Mode: 1
[14:59:42] [Server thread/INFO]: 	Hidden Blocks: [14, 15, 16, 21, 48, 49, 54, 56, 73, 74, 82, 129, 130]
[14:59:42] [Server thread/INFO]: 	Replace Blocks: [1, 5]
[14:59:42] [Server thread/INFO]: Nerfing mobs spawned from spawners: false
[14:59:42] [Server thread/INFO]: Cactus Growth Modifier: 100%
[14:59:42] [Server thread/INFO]: Cane Growth Modifier: 100%
[14:59:42] [Server thread/INFO]: Melon Growth Modifier: 100%
[14:59:42] [Server thread/INFO]: Mushroom Growth Modifier: 100%
[14:59:42] [Server thread/INFO]: Pumpkin Growth Modifier: 100%
[14:59:42] [Server thread/INFO]: Sapling Growth Modifier: 100%
[14:59:42] [Server thread/INFO]: Wheat Growth Modifier: 100%
[14:59:42] [Server thread/INFO]: NetherWart Growth Modifier: 100%
[14:59:42] [Server thread/INFO]: Entity Activation Range: An 32 / Mo 32 / Mi 16
[14:59:42] [Server thread/INFO]: Entity Tracking Range: Pl 73 / An 48 / Mo 48 / Mi 32 / Other 64
[14:59:42] [Server thread/INFO]: Hopper Transfer: 8 Hopper Check: 8 Hopper Amount: 1
[14:59:42] [Server thread/INFO]: Random Lighting Updates: false
[14:59:42] [Server thread/INFO]: Structure Info Saving: true
[14:59:42] [Server thread/INFO]: Mob Spawn Range: 4
[14:59:42] [Server thread/INFO]: Sending up to 10 chunks per packet
[14:59:42] [Server thread/INFO]: Max Entity Collisions: 8
[14:59:42] [Server thread/INFO]: Custom Map Seeds:  Village: 10387312 Feature: 14357617
[14:59:42] [Server thread/INFO]: Max TNT Explosions: 100
[14:59:42] [Server thread/INFO]: Tile Max Tick Time: 50ms Entity max Tick Time: 50ms
[14:59:42] [Server thread/INFO]: Item Despawn Rate: 6000
[14:59:42] [Server thread/INFO]: Item Merge Radius: 2.5
[14:59:42] [Server thread/INFO]: Arrow Despawn Rate: 120
[14:59:42] [Server thread/INFO]: Allow Zombie Pigmen to spawn from portal blocks: true
[14:59:42] [Server thread/INFO]: View Distance: 6
[14:59:42] [Server thread/INFO]: Zombie Aggressive Towards Villager: true
[14:59:42] [Server thread/INFO]: Chunks to Grow per Tick: 650
[14:59:42] [Server thread/INFO]: Clear tick list: false
[14:59:42] [Server thread/INFO]: Experience Merge Radius: 3.0
[14:59:42] [Server thread/INFO]: -------- World Settings For [world] --------
[14:59:42] [Server thread/INFO]: Max height for cactus growth 3. Max height for reed growth 3
[14:59:42] [Server thread/INFO]: Player blocking damage multiplier set to 0.5
[14:59:42] [Server thread/INFO]: Remove invalid mob spawner tile entities: true
[14:59:42] [Server thread/INFO]: Living Entity Despawn Ranges:  Soft: 32 Hard: 128
[14:59:42] [Server thread/INFO]: Squids will spawn between Y: 45.0 and Y: 63.0
[14:59:42] [Server thread/INFO]: Water over lava flow speed: 5
[14:59:42] [Server thread/INFO]: Fix TNT cannons: false
[14:59:42] [Server thread/INFO]: Allow undead horse types to be leashed: false
[14:59:42] [Server thread/INFO]: Keep spawn chunk loaded: true
[14:59:42] [Server thread/INFO]: WorldServer TickNextTick cap set at 10000
[14:59:42] [Server thread/INFO]: WorldServer TickNextTickList cap always processes redstone: false
[14:59:42] [Server thread/INFO]: World async lighting: false
[14:59:43] [Server thread/INFO]: Preparing start region for level 0 (Seed: -7221401279182027157)
[14:59:44] [Server thread/INFO]: Preparing spawn area: 2%
[14:59:45] [Server thread/INFO]: Preparing spawn area: 12%
[14:59:46] [Server thread/INFO]: Preparing spawn area: 27%
[14:59:47] [Server thread/INFO]: Preparing spawn area: 50%
[14:59:48] [Server thread/INFO]: Preparing spawn area: 70%
[14:59:49] [Server thread/INFO]: Preparing spawn area: 91%
[14:59:49] [Server thread/INFO]: [WorldEdit] Enabling WorldEdit v5.5.7
[14:59:50] [Server thread/INFO]: WEPIF: Using the Bukkit Permissions API.
[14:59:50] [Server thread/INFO]: [AutoSave] Enabling AutoSave v1.0
[14:59:50] [Server thread/INFO]: [AutoSave] Enable
[14:59:50] [Server thread/INFO]: [AntiSwear] Enabling AntiSwear v3.5
[14:59:50] [Server thread/INFO]: [AntiSwear] AntiSwear 3 Has Been Enabled!
[14:59:50] [Server thread/INFO]: [WorldGuard] Enabling WorldGuard v5.7.5
[14:59:50] [Server thread/INFO]: [WorldGuard] (world) TNT ignition is PERMITTED.
[14:59:50] [Server thread/INFO]: [WorldGuard] (world) Lighters are PERMITTED.
[14:59:50] [Server thread/INFO]: [WorldGuard] (world) Lava fire is blocked.
[14:59:50] [Server thread/INFO]: [WorldGuard] (world) Fire spread is UNRESTRICTED.
[14:59:50] [Server thread/INFO]: [WorldGuard] Loaded configuration for world 'world'
[14:59:50] [Server thread/INFO]: [WorldGuard] 0 regions loaded for 'world'
[14:59:50] [Server thread/INFO]: Server permissions file permissions.yml is empty, ignoring it
[14:59:51] [Server thread/INFO]: Done (8.898s)! For help, type "help" or "?"
[14:59:51] [Server thread/INFO]: Starting remote control listener
[14:59:51] [RCON Listener #1/INFO]: RCON running on localhost:25575
[14:59:51] [Server thread/INFO]: Timings Reset
[14:59:51] [Server thread/INFO]: ------------------------
[14:59:51] [Server thread/INFO]: Server is saved ...
[14:59:51] [Server thread/WARN]: A manual (plugin-induced) save has been detected while server is configured to auto-save. This may affect performance.
[14:59:51] [Server thread/INFO]: Successfully saved.
[14:59:51] [Server thread/INFO]: ------------------------
